<?xml version="1.0" encoding="UTF-8"?>
<!-- Generated by org.testng.reporters.JUnitReportReporter -->
<testsuite hostname="DESKTOP-42UUBDT" name="testing.Base" tests="1" failures="0" timestamp="7 Oct 2019 16:41:05 GMT" time="0.011" errors="0">
  <testcase name="test" time="0.011" classname="testing.Base"/>
</testsuite> <!-- testing.Base -->
